<?xml version="1.0" encoding="UTF-8"?>
<!-- Generated by org.testng.reporters.JUnitReportReporter -->
<testsuite hostname="DESKTOP-3R28KS4" failures="0" tests="4" name="tests.LoginPageTest" time="13.684" errors="0" timestamp="2022-11-15T14:36:34 GST" skipped="0">
  <testcase classname="tests.LoginPageTest" name="loginWithLockedOutUser" time="4.970"/>
  <system-out/>
  <testcase classname="tests.LoginPageTest" name="loginWithGlitchUser" time="5.717"/>
  <system-out/>
  <testcase classname="tests.LoginPageTest" name="loginWithProblemUser" time="0.705"/>
  <system-out/>
  <testcase classname="tests.LoginPageTest" name="login" time="2.292"/>
  <system-out/>
</testsuite> <!-- tests.LoginPageTest -->
